CRITICAL - 2022-07-11 09:42:02 --> Invalid file: home.php
in SYSTEMPATH\Exceptions\FrameworkException.php on line 33.
 1 SYSTEMPATH\View\View.php(201): CodeIgniter\Exceptions\FrameworkException::forInvalidFile('home.php')
 2 SYSTEMPATH\Common.php(1135): CodeIgniter\View\View->render('home', [], true)
 3 APPPATH\Controllers\Home.php(14): view('home')
 4 SYSTEMPATH\CodeIgniter.php(896): App\Controllers\Home->welcome()
 5 SYSTEMPATH\CodeIgniter.php(466): CodeIgniter\CodeIgniter->runController(Object(App\Controllers\Home))
 6 SYSTEMPATH\CodeIgniter.php(349): CodeIgniter\CodeIgniter->handleRequest(null, Object(Config\Cache), false)
 7 FCPATH\index.php(55): CodeIgniter\CodeIgniter->run()
CRITICAL - 2022-07-11 09:55:46 --> Call to a member function insert() on null
in APPPATH\Controllers\Projects.php on line 73.
 1 SYSTEMPATH\CodeIgniter.php(896): App\Controllers\Projects->save()
 2 SYSTEMPATH\CodeIgniter.php(466): CodeIgniter\CodeIgniter->runController(Object(App\Controllers\Projects))
 3 SYSTEMPATH\CodeIgniter.php(349): CodeIgniter\CodeIgniter->handleRequest(null, Object(Config\Cache), false)
 4 FCPATH\index.php(55): CodeIgniter\CodeIgniter->run()
CRITICAL - 2022-07-11 09:59:34 --> Allowed fields must be specified for model: App\Models\ProjectsModel
in SYSTEMPATH\BaseModel.php on line 1138.
 1 SYSTEMPATH\BaseModel.php(1138): CodeIgniter\Database\Exceptions\DataException::forInvalidAllowedFields('App\\Models\\ProjectsModel')
 2 SYSTEMPATH\BaseModel.php(713): CodeIgniter\BaseModel->doProtectFields([...])
 3 SYSTEMPATH\Model.php(666): CodeIgniter\BaseModel->insert([...], true)
 4 APPPATH\Controllers\Projects.php(73): CodeIgniter\Model->insert([...])
 5 SYSTEMPATH\CodeIgniter.php(896): App\Controllers\Projects->save()
 6 SYSTEMPATH\CodeIgniter.php(466): CodeIgniter\CodeIgniter->runController(Object(App\Controllers\Projects))
 7 SYSTEMPATH\CodeIgniter.php(349): CodeIgniter\CodeIgniter->handleRequest(null, Object(Config\Cache), false)
 8 FCPATH\index.php(55): CodeIgniter\CodeIgniter->run()
ERROR - 2022-07-11 10:01:42 --> Unknown column 'sponsered_body' in 'field list'
CRITICAL - 2022-07-11 10:01:42 --> Invalid file: data_inserted_successfully.php
in SYSTEMPATH\Exceptions\FrameworkException.php on line 33.
 1 SYSTEMPATH\View\View.php(201): CodeIgniter\Exceptions\FrameworkException::forInvalidFile('data_inserted_successfully.php')
 2 SYSTEMPATH\Common.php(1135): CodeIgniter\View\View->render('data_inserted_successfully', [], true)
 3 APPPATH\Controllers\Projects.php(75): view('data_inserted_successfully', [...])
 4 SYSTEMPATH\CodeIgniter.php(896): App\Controllers\Projects->save()
 5 SYSTEMPATH\CodeIgniter.php(466): CodeIgniter\CodeIgniter->runController(Object(App\Controllers\Projects))
 6 SYSTEMPATH\CodeIgniter.php(349): CodeIgniter\CodeIgniter->handleRequest(null, Object(Config\Cache), false)
 7 FCPATH\index.php(55): CodeIgniter\CodeIgniter->run()
ERROR - 2022-07-11 10:04:08 --> Unknown column 'sponsered_body' in 'field list'
