CRITICAL - 2022-07-15 09:40:29 --> Invalid file: home.php
in SYSTEMPATH\Exceptions\FrameworkException.php on line 33.
 1 SYSTEMPATH\View\View.php(201): CodeIgniter\Exceptions\FrameworkException::forInvalidFile('home.php')
 2 SYSTEMPATH\Common.php(1135): CodeIgniter\View\View->render('home', [], true)
 3 APPPATH\Controllers\Home.php(14): view('home')
 4 SYSTEMPATH\CodeIgniter.php(896): App\Controllers\Home->welcome()
 5 SYSTEMPATH\CodeIgniter.php(466): CodeIgniter\CodeIgniter->runController(Object(App\Controllers\Home))
 6 SYSTEMPATH\CodeIgniter.php(349): CodeIgniter\CodeIgniter->handleRequest(null, Object(Config\Cache), false)
 7 FCPATH\index.php(55): CodeIgniter\CodeIgniter->run()
CRITICAL - 2022-07-15 09:40:46 --> Undefined variable $form_data
in APPPATH\Views\admin\projects\projects_entry.php on line 32.
 1 APPPATH\Views\admin\projects\projects_entry.php(32): CodeIgniter\Debug\Exceptions->errorHandler(2, 'Undefined variable $form_data', 'APPPATH\\Views\\admin\\projects\\projects_entry.php', 32)
 2 SYSTEMPATH\View\View.php(213): include('APPPATH\\Views\\admin\\projects\\projects_entry.php')
 3 SYSTEMPATH\View\View.php(216): CodeIgniter\View\View->CodeIgniter\View\{closure}()
 4 SYSTEMPATH\Common.php(1135): CodeIgniter\View\View->render('admin/projects/projects_entry', [], true)
 5 APPPATH\Controllers\AdminBaseController.php(59): view('admin/projects/projects_entry', [...])
 6 APPPATH\Controllers\Projects.php(24): App\Controllers\AdminBaseController->layout('projects/projects_entry')
 7 SYSTEMPATH\CodeIgniter.php(896): App\Controllers\Projects->add()
 8 SYSTEMPATH\CodeIgniter.php(466): CodeIgniter\CodeIgniter->runController(Object(App\Controllers\Projects))
 9 SYSTEMPATH\CodeIgniter.php(349): CodeIgniter\CodeIgniter->handleRequest(null, Object(Config\Cache), false)
10 FCPATH\index.php(55): CodeIgniter\CodeIgniter->run()
CRITICAL - 2022-07-15 09:45:31 --> Undefined variable $form_data
in APPPATH\Views\admin\projects\projects_entry.php on line 32.
 1 APPPATH\Views\admin\projects\projects_entry.php(32): CodeIgniter\Debug\Exceptions->errorHandler(2, 'Undefined variable $form_data', 'APPPATH\\Views\\admin\\projects\\projects_entry.php', 32)
 2 SYSTEMPATH\View\View.php(213): include('APPPATH\\Views\\admin\\projects\\projects_entry.php')
 3 SYSTEMPATH\View\View.php(216): CodeIgniter\View\View->CodeIgniter\View\{closure}()
 4 SYSTEMPATH\Common.php(1135): CodeIgniter\View\View->render('admin/projects/projects_entry', [], true)
 5 APPPATH\Controllers\AdminBaseController.php(59): view('admin/projects/projects_entry', [...])
 6 APPPATH\Controllers\Projects.php(24): App\Controllers\AdminBaseController->layout('projects/projects_entry', [...])
 7 SYSTEMPATH\CodeIgniter.php(896): App\Controllers\Projects->add()
 8 SYSTEMPATH\CodeIgniter.php(466): CodeIgniter\CodeIgniter->runController(Object(App\Controllers\Projects))
 9 SYSTEMPATH\CodeIgniter.php(349): CodeIgniter\CodeIgniter->handleRequest(null, Object(Config\Cache), false)
10 FCPATH\index.php(55): CodeIgniter\CodeIgniter->run()
CRITICAL - 2022-07-15 09:47:35 --> Attempt to read property "project_title" on string
in APPPATH\Views\admin\projects\projects_entry.php on line 32.
 1 APPPATH\Views\admin\projects\projects_entry.php(32): CodeIgniter\Debug\Exceptions->errorHandler(2, 'Attempt to read property "project_title" on string', 'APPPATH\\Views\\admin\\projects\\projects_entry.php', 32)
 2 SYSTEMPATH\View\View.php(213): include('APPPATH\\Views\\admin\\projects\\projects_entry.php')
 3 SYSTEMPATH\View\View.php(216): CodeIgniter\View\View->CodeIgniter\View\{closure}()
 4 SYSTEMPATH\Common.php(1135): CodeIgniter\View\View->render('admin/projects/projects_entry', [], true)
 5 APPPATH\Controllers\AdminBaseController.php(59): view('admin/projects/projects_entry', [...])
 6 APPPATH\Controllers\Projects.php(24): App\Controllers\AdminBaseController->layout('projects/projects_entry', [...])
 7 SYSTEMPATH\CodeIgniter.php(896): App\Controllers\Projects->add()
 8 SYSTEMPATH\CodeIgniter.php(466): CodeIgniter\CodeIgniter->runController(Object(App\Controllers\Projects))
 9 SYSTEMPATH\CodeIgniter.php(349): CodeIgniter\CodeIgniter->handleRequest(null, Object(Config\Cache), false)
10 FCPATH\index.php(55): CodeIgniter\CodeIgniter->run()
CRITICAL - 2022-07-15 09:47:40 --> Attempt to read property "project_title" on string
in APPPATH\Views\admin\projects\projects_entry.php on line 32.
 1 APPPATH\Views\admin\projects\projects_entry.php(32): CodeIgniter\Debug\Exceptions->errorHandler(2, 'Attempt to read property "project_title" on string', 'APPPATH\\Views\\admin\\projects\\projects_entry.php', 32)
 2 SYSTEMPATH\View\View.php(213): include('APPPATH\\Views\\admin\\projects\\projects_entry.php')
 3 SYSTEMPATH\View\View.php(216): CodeIgniter\View\View->CodeIgniter\View\{closure}()
 4 SYSTEMPATH\Common.php(1135): CodeIgniter\View\View->render('admin/projects/projects_entry', [], true)
 5 APPPATH\Controllers\AdminBaseController.php(59): view('admin/projects/projects_entry', [...])
 6 APPPATH\Controllers\Projects.php(24): App\Controllers\AdminBaseController->layout('projects/projects_entry', [...])
 7 SYSTEMPATH\CodeIgniter.php(896): App\Controllers\Projects->add()
 8 SYSTEMPATH\CodeIgniter.php(466): CodeIgniter\CodeIgniter->runController(Object(App\Controllers\Projects))
 9 SYSTEMPATH\CodeIgniter.php(349): CodeIgniter\CodeIgniter->handleRequest(null, Object(Config\Cache), false)
10 FCPATH\index.php(55): CodeIgniter\CodeIgniter->run()
CRITICAL - 2022-07-15 09:50:25 --> Undefined variable $form_data
in APPPATH\Views\admin\projects\projects_entry.php on line 32.
 1 APPPATH\Views\admin\projects\projects_entry.php(32): CodeIgniter\Debug\Exceptions->errorHandler(2, 'Undefined variable $form_data', 'APPPATH\\Views\\admin\\projects\\projects_entry.php', 32)
 2 SYSTEMPATH\View\View.php(213): include('APPPATH\\Views\\admin\\projects\\projects_entry.php')
 3 SYSTEMPATH\View\View.php(216): CodeIgniter\View\View->CodeIgniter\View\{closure}()
 4 SYSTEMPATH\Common.php(1135): CodeIgniter\View\View->render('admin/projects/projects_entry', [], true)
 5 APPPATH\Controllers\AdminBaseController.php(59): view('admin/projects/projects_entry', [...])
 6 APPPATH\Controllers\Projects.php(34): App\Controllers\AdminBaseController->layout('projects/projects_entry', [...])
 7 SYSTEMPATH\CodeIgniter.php(896): App\Controllers\Projects->add()
 8 SYSTEMPATH\CodeIgniter.php(466): CodeIgniter\CodeIgniter->runController(Object(App\Controllers\Projects))
 9 SYSTEMPATH\CodeIgniter.php(349): CodeIgniter\CodeIgniter->handleRequest(null, Object(Config\Cache), false)
10 FCPATH\index.php(55): CodeIgniter\CodeIgniter->run()
CRITICAL - 2022-07-15 09:50:33 --> Undefined variable $form_data
in APPPATH\Views\admin\projects\projects_entry.php on line 32.
 1 APPPATH\Views\admin\projects\projects_entry.php(32): CodeIgniter\Debug\Exceptions->errorHandler(2, 'Undefined variable $form_data', 'APPPATH\\Views\\admin\\projects\\projects_entry.php', 32)
 2 SYSTEMPATH\View\View.php(213): include('APPPATH\\Views\\admin\\projects\\projects_entry.php')
 3 SYSTEMPATH\View\View.php(216): CodeIgniter\View\View->CodeIgniter\View\{closure}()
 4 SYSTEMPATH\Common.php(1135): CodeIgniter\View\View->render('admin/projects/projects_entry', [], true)
 5 APPPATH\Controllers\AdminBaseController.php(59): view('admin/projects/projects_entry', [...])
 6 APPPATH\Controllers\Projects.php(34): App\Controllers\AdminBaseController->layout('projects/projects_entry', [...])
 7 SYSTEMPATH\CodeIgniter.php(896): App\Controllers\Projects->add()
 8 SYSTEMPATH\CodeIgniter.php(466): CodeIgniter\CodeIgniter->runController(Object(App\Controllers\Projects))
 9 SYSTEMPATH\CodeIgniter.php(349): CodeIgniter\CodeIgniter->handleRequest(null, Object(Config\Cache), false)
10 FCPATH\index.php(55): CodeIgniter\CodeIgniter->run()
CRITICAL - 2022-07-15 09:50:58 --> syntax error, unexpected token "=>", expecting ")"
in APPPATH\Controllers\Projects.php on line 34.
 1 SYSTEMPATH\Router\Router.php(499): CodeIgniter\Router\AutoRouter->getRoute('projects/add')
 2 SYSTEMPATH\Router\Router.php(205): CodeIgniter\Router\Router->autoRoute('projects/add')
 3 SYSTEMPATH\CodeIgniter.php(771): CodeIgniter\Router\Router->handle('projects/add')
 4 SYSTEMPATH\CodeIgniter.php(415): CodeIgniter\CodeIgniter->tryToRouteIt(Object(CodeIgniter\Router\RouteCollection))
 5 SYSTEMPATH\CodeIgniter.php(349): CodeIgniter\CodeIgniter->handleRequest(null, Object(Config\Cache), false)
 6 FCPATH\index.php(55): CodeIgniter\CodeIgniter->run()
CRITICAL - 2022-07-15 09:52:16 --> Attempt to read property "project_title" on array
in APPPATH\Views\admin\projects\projects_entry.php on line 32.
 1 APPPATH\Views\admin\projects\projects_entry.php(32): CodeIgniter\Debug\Exceptions->errorHandler(2, 'Attempt to read property "project_title" on array', 'APPPATH\\Views\\admin\\projects\\projects_entry.php', 32)
 2 SYSTEMPATH\View\View.php(213): include('APPPATH\\Views\\admin\\projects\\projects_entry.php')
 3 SYSTEMPATH\View\View.php(216): CodeIgniter\View\View->CodeIgniter\View\{closure}()
 4 SYSTEMPATH\Common.php(1135): CodeIgniter\View\View->render('admin/projects/projects_entry', [], true)
 5 APPPATH\Controllers\AdminBaseController.php(59): view('admin/projects/projects_entry', [...])
 6 APPPATH\Controllers\Projects.php(34): App\Controllers\AdminBaseController->layout('projects/projects_entry', [...])
 7 SYSTEMPATH\CodeIgniter.php(896): App\Controllers\Projects->add()
 8 SYSTEMPATH\CodeIgniter.php(466): CodeIgniter\CodeIgniter->runController(Object(App\Controllers\Projects))
 9 SYSTEMPATH\CodeIgniter.php(349): CodeIgniter\CodeIgniter->handleRequest(null, Object(Config\Cache), false)
10 FCPATH\index.php(55): CodeIgniter\CodeIgniter->run()
CRITICAL - 2022-07-15 09:52:19 --> Attempt to read property "project_title" on array
in APPPATH\Views\admin\projects\projects_entry.php on line 32.
 1 APPPATH\Views\admin\projects\projects_entry.php(32): CodeIgniter\Debug\Exceptions->errorHandler(2, 'Attempt to read property "project_title" on array', 'APPPATH\\Views\\admin\\projects\\projects_entry.php', 32)
 2 SYSTEMPATH\View\View.php(213): include('APPPATH\\Views\\admin\\projects\\projects_entry.php')
 3 SYSTEMPATH\View\View.php(216): CodeIgniter\View\View->CodeIgniter\View\{closure}()
 4 SYSTEMPATH\Common.php(1135): CodeIgniter\View\View->render('admin/projects/projects_entry', [], true)
 5 APPPATH\Controllers\AdminBaseController.php(59): view('admin/projects/projects_entry', [...])
 6 APPPATH\Controllers\Projects.php(34): App\Controllers\AdminBaseController->layout('projects/projects_entry', [...])
 7 SYSTEMPATH\CodeIgniter.php(896): App\Controllers\Projects->add()
 8 SYSTEMPATH\CodeIgniter.php(466): CodeIgniter\CodeIgniter->runController(Object(App\Controllers\Projects))
 9 SYSTEMPATH\CodeIgniter.php(349): CodeIgniter\CodeIgniter->handleRequest(null, Object(Config\Cache), false)
10 FCPATH\index.php(55): CodeIgniter\CodeIgniter->run()
CRITICAL - 2022-07-15 09:53:46 --> Undefined property: stdClass::$project_value
in APPPATH\Views\admin\projects\projects_entry.php on line 120.
 1 APPPATH\Views\admin\projects\projects_entry.php(120): CodeIgniter\Debug\Exceptions->errorHandler(2, 'Undefined property: stdClass::$project_value', 'APPPATH\\Views\\admin\\projects\\projects_entry.php', 120)
 2 SYSTEMPATH\View\View.php(213): include('APPPATH\\Views\\admin\\projects\\projects_entry.php')
 3 SYSTEMPATH\View\View.php(216): CodeIgniter\View\View->CodeIgniter\View\{closure}()
 4 SYSTEMPATH\Common.php(1135): CodeIgniter\View\View->render('admin/projects/projects_entry', [], true)
 5 APPPATH\Controllers\AdminBaseController.php(59): view('admin/projects/projects_entry', [...])
 6 APPPATH\Controllers\Projects.php(34): App\Controllers\AdminBaseController->layout('projects/projects_entry', [...])
 7 SYSTEMPATH\CodeIgniter.php(896): App\Controllers\Projects->add()
 8 SYSTEMPATH\CodeIgniter.php(466): CodeIgniter\CodeIgniter->runController(Object(App\Controllers\Projects))
 9 SYSTEMPATH\CodeIgniter.php(349): CodeIgniter\CodeIgniter->handleRequest(null, Object(Config\Cache), false)
10 FCPATH\index.php(55): CodeIgniter\CodeIgniter->run()
CRITICAL - 2022-07-15 09:58:51 --> Undefined property: stdClass::$project_value
in APPPATH\Views\admin\projects\projects_entry.php on line 123.
 1 APPPATH\Views\admin\projects\projects_entry.php(123): CodeIgniter\Debug\Exceptions->errorHandler(2, 'Undefined property: stdClass::$project_value', 'APPPATH\\Views\\admin\\projects\\projects_entry.php', 123)
 2 SYSTEMPATH\View\View.php(213): include('APPPATH\\Views\\admin\\projects\\projects_entry.php')
 3 SYSTEMPATH\View\View.php(216): CodeIgniter\View\View->CodeIgniter\View\{closure}()
 4 SYSTEMPATH\Common.php(1135): CodeIgniter\View\View->render('admin/projects/projects_entry', [], true)
 5 APPPATH\Controllers\AdminBaseController.php(59): view('admin/projects/projects_entry', [...])
 6 APPPATH\Controllers\Projects.php(34): App\Controllers\AdminBaseController->layout('projects/projects_entry', [...])
 7 SYSTEMPATH\CodeIgniter.php(896): App\Controllers\Projects->add()
 8 SYSTEMPATH\CodeIgniter.php(466): CodeIgniter\CodeIgniter->runController(Object(App\Controllers\Projects))
 9 SYSTEMPATH\CodeIgniter.php(349): CodeIgniter\CodeIgniter->handleRequest(null, Object(Config\Cache), false)
10 FCPATH\index.php(55): CodeIgniter\CodeIgniter->run()
CRITICAL - 2022-07-15 10:02:58 --> Undefined array key "sponsered_body"
in APPPATH\Controllers\Projects.php on line 67.
 1 APPPATH\Controllers\Projects.php(67): CodeIgniter\Debug\Exceptions->errorHandler(2, 'Undefined array key "sponsered_body"', 'APPPATH\\Controllers\\Projects.php', 67)
 2 SYSTEMPATH\CodeIgniter.php(896): App\Controllers\Projects->save()
 3 SYSTEMPATH\CodeIgniter.php(466): CodeIgniter\CodeIgniter->runController(Object(App\Controllers\Projects))
 4 SYSTEMPATH\CodeIgniter.php(349): CodeIgniter\CodeIgniter->handleRequest(null, Object(Config\Cache), false)
 5 FCPATH\index.php(55): CodeIgniter\CodeIgniter->run()
CRITICAL - 2022-07-15 10:04:31 --> Undefined variable $form_data
in APPPATH\Views\admin\projects\projects_entry.php on line 35.
 1 APPPATH\Views\admin\projects\projects_entry.php(35): CodeIgniter\Debug\Exceptions->errorHandler(2, 'Undefined variable $form_data', 'APPPATH\\Views\\admin\\projects\\projects_entry.php', 35)
 2 SYSTEMPATH\View\View.php(213): include('APPPATH\\Views\\admin\\projects\\projects_entry.php')
 3 SYSTEMPATH\View\View.php(216): CodeIgniter\View\View->CodeIgniter\View\{closure}()
 4 SYSTEMPATH\Common.php(1135): CodeIgniter\View\View->render('admin/projects/projects_entry', [], true)
 5 APPPATH\Controllers\AdminBaseController.php(59): view('admin/projects/projects_entry', [...])
 6 APPPATH\Controllers\Projects.php(61): App\Controllers\AdminBaseController->layout('projects/projects_entry', [...])
 7 SYSTEMPATH\CodeIgniter.php(896): App\Controllers\Projects->save()
 8 SYSTEMPATH\CodeIgniter.php(466): CodeIgniter\CodeIgniter->runController(Object(App\Controllers\Projects))
 9 SYSTEMPATH\CodeIgniter.php(349): CodeIgniter\CodeIgniter->handleRequest(null, Object(Config\Cache), false)
10 FCPATH\index.php(55): CodeIgniter\CodeIgniter->run()
CRITICAL - 2022-07-15 10:09:25 --> Undefined variable $form_data
in APPPATH\Views\admin\projects\projects_entry.php on line 35.
 1 APPPATH\Views\admin\projects\projects_entry.php(35): CodeIgniter\Debug\Exceptions->errorHandler(2, 'Undefined variable $form_data', 'APPPATH\\Views\\admin\\projects\\projects_entry.php', 35)
 2 SYSTEMPATH\View\View.php(213): include('APPPATH\\Views\\admin\\projects\\projects_entry.php')
 3 SYSTEMPATH\View\View.php(216): CodeIgniter\View\View->CodeIgniter\View\{closure}()
 4 SYSTEMPATH\Common.php(1135): CodeIgniter\View\View->render('admin/projects/projects_entry', [], true)
 5 APPPATH\Controllers\AdminBaseController.php(59): view('admin/projects/projects_entry', [...])
 6 APPPATH\Controllers\Projects.php(61): App\Controllers\AdminBaseController->layout('projects/projects_entry', [...])
 7 SYSTEMPATH\CodeIgniter.php(896): App\Controllers\Projects->save()
 8 SYSTEMPATH\CodeIgniter.php(466): CodeIgniter\CodeIgniter->runController(Object(App\Controllers\Projects))
 9 SYSTEMPATH\CodeIgniter.php(349): CodeIgniter\CodeIgniter->handleRequest(null, Object(Config\Cache), false)
10 FCPATH\index.php(55): CodeIgniter\CodeIgniter->run()
CRITICAL - 2022-07-15 10:09:32 --> Undefined variable $form_data
in APPPATH\Views\admin\projects\projects_entry.php on line 35.
 1 APPPATH\Views\admin\projects\projects_entry.php(35): CodeIgniter\Debug\Exceptions->errorHandler(2, 'Undefined variable $form_data', 'APPPATH\\Views\\admin\\projects\\projects_entry.php', 35)
 2 SYSTEMPATH\View\View.php(213): include('APPPATH\\Views\\admin\\projects\\projects_entry.php')
 3 SYSTEMPATH\View\View.php(216): CodeIgniter\View\View->CodeIgniter\View\{closure}()
 4 SYSTEMPATH\Common.php(1135): CodeIgniter\View\View->render('admin/projects/projects_entry', [], true)
 5 APPPATH\Controllers\AdminBaseController.php(59): view('admin/projects/projects_entry', [...])
 6 APPPATH\Controllers\Projects.php(61): App\Controllers\AdminBaseController->layout('projects/projects_entry', [...])
 7 SYSTEMPATH\CodeIgniter.php(896): App\Controllers\Projects->save()
 8 SYSTEMPATH\CodeIgniter.php(466): CodeIgniter\CodeIgniter->runController(Object(App\Controllers\Projects))
 9 SYSTEMPATH\CodeIgniter.php(349): CodeIgniter\CodeIgniter->handleRequest(null, Object(Config\Cache), false)
10 FCPATH\index.php(55): CodeIgniter\CodeIgniter->run()
ERROR - 2022-07-15 10:10:44 --> Unknown column 'created_at' in 'field list'
CRITICAL - 2022-07-15 10:10:44 --> Undefined variable $form_data
in APPPATH\Views\admin\projects\projects_entry.php on line 35.
 1 APPPATH\Views\admin\projects\projects_entry.php(35): CodeIgniter\Debug\Exceptions->errorHandler(2, 'Undefined variable $form_data', 'APPPATH\\Views\\admin\\projects\\projects_entry.php', 35)
 2 SYSTEMPATH\View\View.php(213): include('APPPATH\\Views\\admin\\projects\\projects_entry.php')
 3 SYSTEMPATH\View\View.php(216): CodeIgniter\View\View->CodeIgniter\View\{closure}()
 4 SYSTEMPATH\Common.php(1135): CodeIgniter\View\View->render('admin/projects/projects_entry', [], true)
 5 APPPATH\Controllers\AdminBaseController.php(59): view('admin/projects/projects_entry', [...])
 6 APPPATH\Controllers\Projects.php(78): App\Controllers\AdminBaseController->layout('projects/projects_entry', [...])
 7 SYSTEMPATH\CodeIgniter.php(896): App\Controllers\Projects->save()
 8 SYSTEMPATH\CodeIgniter.php(466): CodeIgniter\CodeIgniter->runController(Object(App\Controllers\Projects))
 9 SYSTEMPATH\CodeIgniter.php(349): CodeIgniter\CodeIgniter->handleRequest(null, Object(Config\Cache), false)
10 FCPATH\index.php(55): CodeIgniter\CodeIgniter->run()
CRITICAL - 2022-07-15 10:11:34 --> Undefined variable $form_data
in APPPATH\Views\admin\projects\projects_entry.php on line 35.
 1 APPPATH\Views\admin\projects\projects_entry.php(35): CodeIgniter\Debug\Exceptions->errorHandler(2, 'Undefined variable $form_data', 'APPPATH\\Views\\admin\\projects\\projects_entry.php', 35)
 2 SYSTEMPATH\View\View.php(213): include('APPPATH\\Views\\admin\\projects\\projects_entry.php')
 3 SYSTEMPATH\View\View.php(216): CodeIgniter\View\View->CodeIgniter\View\{closure}()
 4 SYSTEMPATH\Common.php(1135): CodeIgniter\View\View->render('admin/projects/projects_entry', [], true)
 5 APPPATH\Controllers\AdminBaseController.php(59): view('admin/projects/projects_entry', [...])
 6 APPPATH\Controllers\Projects.php(61): App\Controllers\AdminBaseController->layout('projects/projects_entry', [...])
 7 SYSTEMPATH\CodeIgniter.php(896): App\Controllers\Projects->save()
 8 SYSTEMPATH\CodeIgniter.php(466): CodeIgniter\CodeIgniter->runController(Object(App\Controllers\Projects))
 9 SYSTEMPATH\CodeIgniter.php(349): CodeIgniter\CodeIgniter->handleRequest(null, Object(Config\Cache), false)
10 FCPATH\index.php(55): CodeIgniter\CodeIgniter->run()
CRITICAL - 2022-07-15 10:17:06 --> Undefined variable $form_data
in APPPATH\Views\admin\projects\projects_entry.php on line 32.
 1 APPPATH\Views\admin\projects\projects_entry.php(32): CodeIgniter\Debug\Exceptions->errorHandler(2, 'Undefined variable $form_data', 'APPPATH\\Views\\admin\\projects\\projects_entry.php', 32)
 2 SYSTEMPATH\View\View.php(213): include('APPPATH\\Views\\admin\\projects\\projects_entry.php')
 3 SYSTEMPATH\View\View.php(216): CodeIgniter\View\View->CodeIgniter\View\{closure}()
 4 SYSTEMPATH\Common.php(1135): CodeIgniter\View\View->render('admin/projects/projects_entry', [], true)
 5 APPPATH\Controllers\AdminBaseController.php(59): view('admin/projects/projects_entry', [...])
 6 APPPATH\Controllers\Projects.php(61): App\Controllers\AdminBaseController->layout('projects/projects_entry', [...])
 7 SYSTEMPATH\CodeIgniter.php(896): App\Controllers\Projects->save()
 8 SYSTEMPATH\CodeIgniter.php(466): CodeIgniter\CodeIgniter->runController(Object(App\Controllers\Projects))
 9 SYSTEMPATH\CodeIgniter.php(349): CodeIgniter\CodeIgniter->handleRequest(null, Object(Config\Cache), false)
10 FCPATH\index.php(55): CodeIgniter\CodeIgniter->run()
ERROR - 2022-07-15 10:26:07 --> Unknown column 'created_at' in 'field list'
CRITICAL - 2022-07-15 10:26:07 --> Undefined variable $form_data
in APPPATH\Views\admin\projects\projects_entry.php on line 32.
 1 APPPATH\Views\admin\projects\projects_entry.php(32): CodeIgniter\Debug\Exceptions->errorHandler(2, 'Undefined variable $form_data', 'APPPATH\\Views\\admin\\projects\\projects_entry.php', 32)
 2 SYSTEMPATH\View\View.php(213): include('APPPATH\\Views\\admin\\projects\\projects_entry.php')
 3 SYSTEMPATH\View\View.php(216): CodeIgniter\View\View->CodeIgniter\View\{closure}()
 4 SYSTEMPATH\Common.php(1135): CodeIgniter\View\View->render('admin/projects/projects_entry', [], true)
 5 APPPATH\Controllers\AdminBaseController.php(59): view('admin/projects/projects_entry', [...])
 6 APPPATH\Controllers\Projects.php(78): App\Controllers\AdminBaseController->layout('projects/projects_entry', [...])
 7 SYSTEMPATH\CodeIgniter.php(896): App\Controllers\Projects->save()
 8 SYSTEMPATH\CodeIgniter.php(466): CodeIgniter\CodeIgniter->runController(Object(App\Controllers\Projects))
 9 SYSTEMPATH\CodeIgniter.php(349): CodeIgniter\CodeIgniter->handleRequest(null, Object(Config\Cache), false)
10 FCPATH\index.php(55): CodeIgniter\CodeIgniter->run()
CRITICAL - 2022-07-15 10:30:18 --> Undefined variable $form_data
in APPPATH\Views\admin\projects\projects_entry.php on line 32.
 1 APPPATH\Views\admin\projects\projects_entry.php(32): CodeIgniter\Debug\Exceptions->errorHandler(2, 'Undefined variable $form_data', 'APPPATH\\Views\\admin\\projects\\projects_entry.php', 32)
 2 SYSTEMPATH\View\View.php(213): include('APPPATH\\Views\\admin\\projects\\projects_entry.php')
 3 SYSTEMPATH\View\View.php(216): CodeIgniter\View\View->CodeIgniter\View\{closure}()
 4 SYSTEMPATH\Common.php(1135): CodeIgniter\View\View->render('admin/projects/projects_entry', [], true)
 5 APPPATH\Controllers\AdminBaseController.php(59): view('admin/projects/projects_entry', [...])
 6 APPPATH\Controllers\Projects.php(61): App\Controllers\AdminBaseController->layout('projects/projects_entry', [...])
 7 SYSTEMPATH\CodeIgniter.php(896): App\Controllers\Projects->save()
 8 SYSTEMPATH\CodeIgniter.php(466): CodeIgniter\CodeIgniter->runController(Object(App\Controllers\Projects))
 9 SYSTEMPATH\CodeIgniter.php(349): CodeIgniter\CodeIgniter->handleRequest(null, Object(Config\Cache), false)
10 FCPATH\index.php(55): CodeIgniter\CodeIgniter->run()
CRITICAL - 2022-07-15 10:30:42 --> Undefined variable $form_data
in APPPATH\Views\admin\projects\projects_entry.php on line 32.
 1 APPPATH\Views\admin\projects\projects_entry.php(32): CodeIgniter\Debug\Exceptions->errorHandler(2, 'Undefined variable $form_data', 'APPPATH\\Views\\admin\\projects\\projects_entry.php', 32)
 2 SYSTEMPATH\View\View.php(213): include('APPPATH\\Views\\admin\\projects\\projects_entry.php')
 3 SYSTEMPATH\View\View.php(216): CodeIgniter\View\View->CodeIgniter\View\{closure}()
 4 SYSTEMPATH\Common.php(1135): CodeIgniter\View\View->render('admin/projects/projects_entry', [], true)
 5 APPPATH\Controllers\AdminBaseController.php(59): view('admin/projects/projects_entry', [...])
 6 APPPATH\Controllers\Projects.php(61): App\Controllers\AdminBaseController->layout('projects/projects_entry', [...])
 7 SYSTEMPATH\CodeIgniter.php(896): App\Controllers\Projects->save()
 8 SYSTEMPATH\CodeIgniter.php(466): CodeIgniter\CodeIgniter->runController(Object(App\Controllers\Projects))
 9 SYSTEMPATH\CodeIgniter.php(349): CodeIgniter\CodeIgniter->handleRequest(null, Object(Config\Cache), false)
10 FCPATH\index.php(55): CodeIgniter\CodeIgniter->run()
CRITICAL - 2022-07-15 10:30:52 --> Undefined variable $form_data
in APPPATH\Views\admin\projects\projects_entry.php on line 32.
 1 APPPATH\Views\admin\projects\projects_entry.php(32): CodeIgniter\Debug\Exceptions->errorHandler(2, 'Undefined variable $form_data', 'APPPATH\\Views\\admin\\projects\\projects_entry.php', 32)
 2 SYSTEMPATH\View\View.php(213): include('APPPATH\\Views\\admin\\projects\\projects_entry.php')
 3 SYSTEMPATH\View\View.php(216): CodeIgniter\View\View->CodeIgniter\View\{closure}()
 4 SYSTEMPATH\Common.php(1135): CodeIgniter\View\View->render('admin/projects/projects_entry', [], true)
 5 APPPATH\Controllers\AdminBaseController.php(59): view('admin/projects/projects_entry', [...])
 6 APPPATH\Controllers\Projects.php(61): App\Controllers\AdminBaseController->layout('projects/projects_entry', [...])
 7 SYSTEMPATH\CodeIgniter.php(896): App\Controllers\Projects->save()
 8 SYSTEMPATH\CodeIgniter.php(466): CodeIgniter\CodeIgniter->runController(Object(App\Controllers\Projects))
 9 SYSTEMPATH\CodeIgniter.php(349): CodeIgniter\CodeIgniter->handleRequest(null, Object(Config\Cache), false)
10 FCPATH\index.php(55): CodeIgniter\CodeIgniter->run()
CRITICAL - 2022-07-15 10:31:42 --> Undefined variable $form_data
in APPPATH\Views\admin\projects\projects_entry.php on line 68.
 1 APPPATH\Views\admin\projects\projects_entry.php(68): CodeIgniter\Debug\Exceptions->errorHandler(2, 'Undefined variable $form_data', 'APPPATH\\Views\\admin\\projects\\projects_entry.php', 68)
 2 SYSTEMPATH\View\View.php(213): include('APPPATH\\Views\\admin\\projects\\projects_entry.php')
 3 SYSTEMPATH\View\View.php(216): CodeIgniter\View\View->CodeIgniter\View\{closure}()
 4 SYSTEMPATH\Common.php(1135): CodeIgniter\View\View->render('admin/projects/projects_entry', [], true)
 5 APPPATH\Controllers\AdminBaseController.php(59): view('admin/projects/projects_entry', [...])
 6 APPPATH\Controllers\Projects.php(61): App\Controllers\AdminBaseController->layout('projects/projects_entry', [...])
 7 SYSTEMPATH\CodeIgniter.php(896): App\Controllers\Projects->save()
 8 SYSTEMPATH\CodeIgniter.php(466): CodeIgniter\CodeIgniter->runController(Object(App\Controllers\Projects))
 9 SYSTEMPATH\CodeIgniter.php(349): CodeIgniter\CodeIgniter->handleRequest(null, Object(Config\Cache), false)
10 FCPATH\index.php(55): CodeIgniter\CodeIgniter->run()
CRITICAL - 2022-07-15 10:32:32 --> Undefined variable $form_data
in APPPATH\Views\admin\projects\projects_entry.php on line 78.
 1 APPPATH\Views\admin\projects\projects_entry.php(78): CodeIgniter\Debug\Exceptions->errorHandler(2, 'Undefined variable $form_data', 'APPPATH\\Views\\admin\\projects\\projects_entry.php', 78)
 2 SYSTEMPATH\View\View.php(213): include('APPPATH\\Views\\admin\\projects\\projects_entry.php')
 3 SYSTEMPATH\View\View.php(216): CodeIgniter\View\View->CodeIgniter\View\{closure}()
 4 SYSTEMPATH\Common.php(1135): CodeIgniter\View\View->render('admin/projects/projects_entry', [], true)
 5 APPPATH\Controllers\AdminBaseController.php(59): view('admin/projects/projects_entry', [...])
 6 APPPATH\Controllers\Projects.php(61): App\Controllers\AdminBaseController->layout('projects/projects_entry', [...])
 7 SYSTEMPATH\CodeIgniter.php(896): App\Controllers\Projects->save()
 8 SYSTEMPATH\CodeIgniter.php(466): CodeIgniter\CodeIgniter->runController(Object(App\Controllers\Projects))
 9 SYSTEMPATH\CodeIgniter.php(349): CodeIgniter\CodeIgniter->handleRequest(null, Object(Config\Cache), false)
10 FCPATH\index.php(55): CodeIgniter\CodeIgniter->run()
ERROR - 2022-07-15 10:33:33 --> Unknown column 'created_at' in 'field list'
CRITICAL - 2022-07-15 10:40:27 --> Undefined variable $form_data
in APPPATH\Views\admin\projects\projects_entry.php on line 34.
 1 APPPATH\Views\admin\projects\projects_entry.php(34): CodeIgniter\Debug\Exceptions->errorHandler(2, 'Undefined variable $form_data', 'APPPATH\\Views\\admin\\projects\\projects_entry.php', 34)
 2 SYSTEMPATH\View\View.php(213): include('APPPATH\\Views\\admin\\projects\\projects_entry.php')
 3 SYSTEMPATH\View\View.php(216): CodeIgniter\View\View->CodeIgniter\View\{closure}()
 4 SYSTEMPATH\Common.php(1135): CodeIgniter\View\View->render('admin/projects/projects_entry', [], true)
 5 APPPATH\Controllers\AdminBaseController.php(59): view('admin/projects/projects_entry', [...])
 6 APPPATH\Controllers\Projects.php(61): App\Controllers\AdminBaseController->layout('projects/projects_entry', [...])
 7 SYSTEMPATH\CodeIgniter.php(896): App\Controllers\Projects->save()
 8 SYSTEMPATH\CodeIgniter.php(466): CodeIgniter\CodeIgniter->runController(Object(App\Controllers\Projects))
 9 SYSTEMPATH\CodeIgniter.php(349): CodeIgniter\CodeIgniter->handleRequest(null, Object(Config\Cache), false)
10 FCPATH\index.php(55): CodeIgniter\CodeIgniter->run()
ERROR - 2022-07-15 10:50:04 --> Unknown column 'created_at' in 'field list'
CRITICAL - 2022-07-15 10:50:04 --> Undefined variable $form_data
in APPPATH\Views\admin\projects\projects_entry.php on line 34.
 1 APPPATH\Views\admin\projects\projects_entry.php(34): CodeIgniter\Debug\Exceptions->errorHandler(2, 'Undefined variable $form_data', 'APPPATH\\Views\\admin\\projects\\projects_entry.php', 34)
 2 SYSTEMPATH\View\View.php(213): include('APPPATH\\Views\\admin\\projects\\projects_entry.php')
 3 SYSTEMPATH\View\View.php(216): CodeIgniter\View\View->CodeIgniter\View\{closure}()
 4 SYSTEMPATH\Common.php(1135): CodeIgniter\View\View->render('admin/projects/projects_entry', [], true)
 5 APPPATH\Controllers\AdminBaseController.php(59): view('admin/projects/projects_entry', [...])
 6 APPPATH\Controllers\Projects.php(78): App\Controllers\AdminBaseController->layout('projects/projects_entry', [...])
 7 SYSTEMPATH\CodeIgniter.php(896): App\Controllers\Projects->save()
 8 SYSTEMPATH\CodeIgniter.php(466): CodeIgniter\CodeIgniter->runController(Object(App\Controllers\Projects))
 9 SYSTEMPATH\CodeIgniter.php(349): CodeIgniter\CodeIgniter->handleRequest(null, Object(Config\Cache), false)
10 FCPATH\index.php(55): CodeIgniter\CodeIgniter->run()
CRITICAL - 2022-07-15 10:55:57 --> Undefined variable $form_data
in APPPATH\Views\admin\projects\projects_entry.php on line 34.
 1 APPPATH\Views\admin\projects\projects_entry.php(34): CodeIgniter\Debug\Exceptions->errorHandler(2, 'Undefined variable $form_data', 'APPPATH\\Views\\admin\\projects\\projects_entry.php', 34)
 2 SYSTEMPATH\View\View.php(213): include('APPPATH\\Views\\admin\\projects\\projects_entry.php')
 3 SYSTEMPATH\View\View.php(216): CodeIgniter\View\View->CodeIgniter\View\{closure}()
 4 SYSTEMPATH\Common.php(1135): CodeIgniter\View\View->render('admin/projects/projects_entry', [], true)
 5 APPPATH\Controllers\AdminBaseController.php(59): view('admin/projects/projects_entry', [...])
 6 APPPATH\Controllers\Projects.php(61): App\Controllers\AdminBaseController->layout('projects/projects_entry', [...])
 7 SYSTEMPATH\CodeIgniter.php(896): App\Controllers\Projects->save()
 8 SYSTEMPATH\CodeIgniter.php(466): CodeIgniter\CodeIgniter->runController(Object(App\Controllers\Projects))
 9 SYSTEMPATH\CodeIgniter.php(349): CodeIgniter\CodeIgniter->handleRequest(null, Object(Config\Cache), false)
10 FCPATH\index.php(55): CodeIgniter\CodeIgniter->run()
CRITICAL - 2022-07-15 11:02:57 --> Undefined variable $form_data
in APPPATH\Views\admin\projects\projects_entry.php on line 34.
 1 APPPATH\Views\admin\projects\projects_entry.php(34): CodeIgniter\Debug\Exceptions->errorHandler(2, 'Undefined variable $form_data', 'APPPATH\\Views\\admin\\projects\\projects_entry.php', 34)
 2 SYSTEMPATH\View\View.php(213): include('APPPATH\\Views\\admin\\projects\\projects_entry.php')
 3 SYSTEMPATH\View\View.php(216): CodeIgniter\View\View->CodeIgniter\View\{closure}()
 4 SYSTEMPATH\Common.php(1135): CodeIgniter\View\View->render('admin/projects/projects_entry', [], true)
 5 APPPATH\Controllers\AdminBaseController.php(59): view('admin/projects/projects_entry', [...])
 6 APPPATH\Controllers\Projects.php(61): App\Controllers\AdminBaseController->layout('projects/projects_entry', [...])
 7 SYSTEMPATH\CodeIgniter.php(896): App\Controllers\Projects->save()
 8 SYSTEMPATH\CodeIgniter.php(466): CodeIgniter\CodeIgniter->runController(Object(App\Controllers\Projects))
 9 SYSTEMPATH\CodeIgniter.php(349): CodeIgniter\CodeIgniter->handleRequest(null, Object(Config\Cache), false)
10 FCPATH\index.php(55): CodeIgniter\CodeIgniter->run()
CRITICAL - 2022-07-15 11:03:09 --> Undefined variable $form_data
in APPPATH\Views\admin\projects\projects_entry.php on line 34.
 1 APPPATH\Views\admin\projects\projects_entry.php(34): CodeIgniter\Debug\Exceptions->errorHandler(2, 'Undefined variable $form_data', 'APPPATH\\Views\\admin\\projects\\projects_entry.php', 34)
 2 SYSTEMPATH\View\View.php(213): include('APPPATH\\Views\\admin\\projects\\projects_entry.php')
 3 SYSTEMPATH\View\View.php(216): CodeIgniter\View\View->CodeIgniter\View\{closure}()
 4 SYSTEMPATH\Common.php(1135): CodeIgniter\View\View->render('admin/projects/projects_entry', [], true)
 5 APPPATH\Controllers\AdminBaseController.php(59): view('admin/projects/projects_entry', [...])
 6 APPPATH\Controllers\Projects.php(61): App\Controllers\AdminBaseController->layout('projects/projects_entry', [...])
 7 SYSTEMPATH\CodeIgniter.php(896): App\Controllers\Projects->save()
 8 SYSTEMPATH\CodeIgniter.php(466): CodeIgniter\CodeIgniter->runController(Object(App\Controllers\Projects))
 9 SYSTEMPATH\CodeIgniter.php(349): CodeIgniter\CodeIgniter->handleRequest(null, Object(Config\Cache), false)
10 FCPATH\index.php(55): CodeIgniter\CodeIgniter->run()
ERROR - 2022-07-15 11:03:35 --> Unknown column 'created_at' in 'field list'
CRITICAL - 2022-07-15 11:03:35 --> Undefined variable $form_data
in APPPATH\Views\admin\projects\projects_entry.php on line 34.
 1 APPPATH\Views\admin\projects\projects_entry.php(34): CodeIgniter\Debug\Exceptions->errorHandler(2, 'Undefined variable $form_data', 'APPPATH\\Views\\admin\\projects\\projects_entry.php', 34)
 2 SYSTEMPATH\View\View.php(213): include('APPPATH\\Views\\admin\\projects\\projects_entry.php')
 3 SYSTEMPATH\View\View.php(216): CodeIgniter\View\View->CodeIgniter\View\{closure}()
 4 SYSTEMPATH\Common.php(1135): CodeIgniter\View\View->render('admin/projects/projects_entry', [], true)
 5 APPPATH\Controllers\AdminBaseController.php(59): view('admin/projects/projects_entry', [...])
 6 APPPATH\Controllers\Projects.php(78): App\Controllers\AdminBaseController->layout('projects/projects_entry', [...])
 7 SYSTEMPATH\CodeIgniter.php(896): App\Controllers\Projects->save()
 8 SYSTEMPATH\CodeIgniter.php(466): CodeIgniter\CodeIgniter->runController(Object(App\Controllers\Projects))
 9 SYSTEMPATH\CodeIgniter.php(349): CodeIgniter\CodeIgniter->handleRequest(null, Object(Config\Cache), false)
10 FCPATH\index.php(55): CodeIgniter\CodeIgniter->run()
CRITICAL - 2022-07-15 23:16:21 --> Undefined variable $form_data
in APPPATH\Views\admin\projects\projects_entry.php on line 34.
 1 APPPATH\Views\admin\projects\projects_entry.php(34): CodeIgniter\Debug\Exceptions->errorHandler(2, 'Undefined variable $form_data', 'APPPATH\\Views\\admin\\projects\\projects_entry.php', 34)
 2 SYSTEMPATH\View\View.php(213): include('APPPATH\\Views\\admin\\projects\\projects_entry.php')
 3 SYSTEMPATH\View\View.php(216): CodeIgniter\View\View->CodeIgniter\View\{closure}()
 4 SYSTEMPATH\Common.php(1135): CodeIgniter\View\View->render('admin/projects/projects_entry', [], true)
 5 APPPATH\Controllers\AdminBaseController.php(59): view('admin/projects/projects_entry', [...])
 6 APPPATH\Controllers\Projects.php(61): App\Controllers\AdminBaseController->layout('projects/projects_entry', [...])
 7 SYSTEMPATH\CodeIgniter.php(896): App\Controllers\Projects->save()
 8 SYSTEMPATH\CodeIgniter.php(466): CodeIgniter\CodeIgniter->runController(Object(App\Controllers\Projects))
 9 SYSTEMPATH\CodeIgniter.php(349): CodeIgniter\CodeIgniter->handleRequest(null, Object(Config\Cache), false)
10 FCPATH\index.php(55): CodeIgniter\CodeIgniter->run()
