CRITICAL - 2022-07-07 09:29:56 --> Invalid file: home.php
in SYSTEMPATH\Exceptions\FrameworkException.php on line 33.
 1 SYSTEMPATH\View\View.php(201): CodeIgniter\Exceptions\FrameworkException::forInvalidFile('home.php')
 2 SYSTEMPATH\Common.php(1135): CodeIgniter\View\View->render('home', [], true)
 3 APPPATH\Controllers\Home.php(14): view('home')
 4 SYSTEMPATH\CodeIgniter.php(896): App\Controllers\Home->welcome()
 5 SYSTEMPATH\CodeIgniter.php(466): CodeIgniter\CodeIgniter->runController(Object(App\Controllers\Home))
 6 SYSTEMPATH\CodeIgniter.php(349): CodeIgniter\CodeIgniter->handleRequest(null, Object(Config\Cache), false)
 7 FCPATH\index.php(55): CodeIgniter\CodeIgniter->run()
CRITICAL - 2022-07-07 09:33:22 --> Invalid file: admin/projects/projects_entry.php
in SYSTEMPATH\Exceptions\FrameworkException.php on line 33.
 1 SYSTEMPATH\View\View.php(201): CodeIgniter\Exceptions\FrameworkException::forInvalidFile('admin/projects/projects_entry.php')
 2 SYSTEMPATH\Common.php(1135): CodeIgniter\View\View->render('admin/projects/projects_entry', [], true)
 3 APPPATH\Controllers\Projects.php(17): view('admin/projects/projects_entry')
 4 SYSTEMPATH\CodeIgniter.php(896): App\Controllers\Projects->index()
 5 SYSTEMPATH\CodeIgniter.php(466): CodeIgniter\CodeIgniter->runController(Object(App\Controllers\Projects))
 6 SYSTEMPATH\CodeIgniter.php(349): CodeIgniter\CodeIgniter->handleRequest(null, Object(Config\Cache), false)
 7 FCPATH\index.php(55): CodeIgniter\CodeIgniter->run()
CRITICAL - 2022-07-07 09:34:42 --> Invalid file: requires/sidebar.php
in SYSTEMPATH\Exceptions\FrameworkException.php on line 33.
 1 SYSTEMPATH\View\View.php(201): CodeIgniter\Exceptions\FrameworkException::forInvalidFile('requires/sidebar.php')
 2 SYSTEMPATH\Common.php(1135): CodeIgniter\View\View->render('requires/sidebar', [], true)
 3 APPPATH\Controllers\Projects.php(17): view('requires/sidebar')
 4 SYSTEMPATH\CodeIgniter.php(896): App\Controllers\Projects->index()
 5 SYSTEMPATH\CodeIgniter.php(466): CodeIgniter\CodeIgniter->runController(Object(App\Controllers\Projects))
 6 SYSTEMPATH\CodeIgniter.php(349): CodeIgniter\CodeIgniter->handleRequest(null, Object(Config\Cache), false)
 7 FCPATH\index.php(55): CodeIgniter\CodeIgniter->run()
CRITICAL - 2022-07-07 09:35:19 --> Argument 2 passed to view() must be of the type array, null given, called in C:\xampp\htdocs\arpanfoundation\app\Controllers\Projects.php on line 17
in SYSTEMPATH\Common.php on line 1121.
 1 APPPATH\Controllers\Projects.php(17): view('admin/requires/sidebar', null)
 2 SYSTEMPATH\CodeIgniter.php(896): App\Controllers\Projects->index()
 3 SYSTEMPATH\CodeIgniter.php(466): CodeIgniter\CodeIgniter->runController(Object(App\Controllers\Projects))
 4 SYSTEMPATH\CodeIgniter.php(349): CodeIgniter\CodeIgniter->handleRequest(null, Object(Config\Cache), false)
 5 FCPATH\index.php(55): CodeIgniter\CodeIgniter->run()
CRITICAL - 2022-07-07 09:36:01 --> Invalid file: admin/dashboardadmin/projects/projects_entry.php
in SYSTEMPATH\Exceptions\FrameworkException.php on line 33.
 1 SYSTEMPATH\View\View.php(201): CodeIgniter\Exceptions\FrameworkException::forInvalidFile('admin/dashboardadmin/projects/projects_entry.php')
 2 SYSTEMPATH\Common.php(1135): CodeIgniter\View\View->render('admin/dashboardadmin/projects/projects_entry', [], true)
 3 APPPATH\Controllers\Projects.php(22): view('admin/dashboardadmin/projects/projects_entry')
 4 SYSTEMPATH\CodeIgniter.php(896): App\Controllers\Projects->index()
 5 SYSTEMPATH\CodeIgniter.php(466): CodeIgniter\CodeIgniter->runController(Object(App\Controllers\Projects))
 6 SYSTEMPATH\CodeIgniter.php(349): CodeIgniter\CodeIgniter->handleRequest(null, Object(Config\Cache), false)
 7 FCPATH\index.php(55): CodeIgniter\CodeIgniter->run()
