CRITICAL - 2022-07-13 09:14:49 --> Invalid file: home.php
in SYSTEMPATH\Exceptions\FrameworkException.php on line 33.
 1 SYSTEMPATH\View\View.php(201): CodeIgniter\Exceptions\FrameworkException::forInvalidFile('home.php')
 2 SYSTEMPATH\Common.php(1135): CodeIgniter\View\View->render('home', [], true)
 3 APPPATH\Controllers\Home.php(14): view('home')
 4 SYSTEMPATH\CodeIgniter.php(896): App\Controllers\Home->welcome()
 5 SYSTEMPATH\CodeIgniter.php(466): CodeIgniter\CodeIgniter->runController(Object(App\Controllers\Home))
 6 SYSTEMPATH\CodeIgniter.php(349): CodeIgniter\CodeIgniter->handleRequest(null, Object(Config\Cache), false)
 7 FCPATH\index.php(55): CodeIgniter\CodeIgniter->run()
CRITICAL - 2022-07-13 09:51:59 --> Call to a member function post() on null
in APPPATH\Controllers\Projects.php on line 83.
 1 SYSTEMPATH\CodeIgniter.php(896): App\Controllers\Projects->get_records()
 2 SYSTEMPATH\CodeIgniter.php(466): CodeIgniter\CodeIgniter->runController(Object(App\Controllers\Projects))
 3 SYSTEMPATH\CodeIgniter.php(349): CodeIgniter\CodeIgniter->handleRequest(null, Object(Config\Cache), false)
 4 FCPATH\index.php(55): CodeIgniter\CodeIgniter->run()
CRITICAL - 2022-07-13 09:54:38 --> Call to undefined method App\Models\ProjectsModel::countAllRows
in SYSTEMPATH\Model.php on line 773.
 1 APPPATH\Controllers\Projects.php(89): CodeIgniter\Model->__call('countAllRows', [])
 2 SYSTEMPATH\CodeIgniter.php(896): App\Controllers\Projects->get_records()
 3 SYSTEMPATH\CodeIgniter.php(466): CodeIgniter\CodeIgniter->runController(Object(App\Controllers\Projects))
 4 SYSTEMPATH\CodeIgniter.php(349): CodeIgniter\CodeIgniter->handleRequest(null, Object(Config\Cache), false)
 5 FCPATH\index.php(55): CodeIgniter\CodeIgniter->run()
CRITICAL - 2022-07-13 09:55:11 --> Call to undefined method App\Models\ProjectsModel::countAllRows
in SYSTEMPATH\Model.php on line 773.
 1 APPPATH\Controllers\Projects.php(89): CodeIgniter\Model->__call('countAllRows', [])
 2 SYSTEMPATH\CodeIgniter.php(896): App\Controllers\Projects->get_records()
 3 SYSTEMPATH\CodeIgniter.php(466): CodeIgniter\CodeIgniter->runController(Object(App\Controllers\Projects))
 4 SYSTEMPATH\CodeIgniter.php(349): CodeIgniter\CodeIgniter->handleRequest(null, Object(Config\Cache), false)
 5 FCPATH\index.php(55): CodeIgniter\CodeIgniter->run()
